<?xml version="1.0" encoding="UTF-8"?>
<!-- Generated by org.testng.reporters.JUnitReportReporter -->
<testsuite hostname="LMCTag008" failures="0" tests="2" name="com.mystore.testcases.HomepageTest" time="48.950" errors="0" timestamp="2022-03-21T23:11:04 PDT" skipped="0">
  <testcase classname="com.mystore.testcases.HomepageTest" name="orderHisstoryandDetailsTest" time="20.622"/>
  <system-out/>
  <testcase classname="com.mystore.testcases.HomepageTest" name="wishListTest" time="28.328"/>
  <system-out/>
</testsuite> <!-- com.mystore.testcases.HomepageTest -->
