<?xml version="1.0" encoding="UTF-8"?>
<!-- Generated by org.testng.reporters.JUnitReportReporter -->
<testsuite hostname="LMCTag008" failures="0" tests="1" name="com.mystore.testcases.EndToEndTest" time="121.309" errors="0" timestamp="2022-03-21T23:11:04 PDT" skipped="0">
  <testcase classname="com.mystore.testcases.EndToEndTest" name="endToEndTest" time="121.309"/>
  <system-out/>
</testsuite> <!-- com.mystore.testcases.EndToEndTest -->
