<?xml version="1.0" encoding="UTF-8"?>
<!-- Generated by org.testng.reporters.JUnitReportReporter -->
<testsuite hostname="LMCTag008" failures="0" tests="1" name="com.mystore.testcases.AddToCartPageTest" time="31.630" errors="0" timestamp="2022-03-21T23:11:04 PDT" skipped="0">
  <testcase classname="com.mystore.testcases.AddToCartPageTest" name="addToCartTest" time="31.630"/>
  <system-out/>
</testsuite> <!-- com.mystore.testcases.AddToCartPageTest -->
