<?xml version="1.0" encoding="UTF-8"?>
<!-- Generated by org.testng.reporters.JUnitReportReporter -->
<testsuite hostname="LMCTag008" failures="0" tests="2" name="com.mystore.testcases.IndexPageTest" time="27.609" errors="0" timestamp="2022-03-21T23:11:04 PDT" skipped="0">
  <testcase classname="com.mystore.testcases.IndexPageTest" name="verifyTitle" time="14.102"/>
  <system-out/>
  <testcase classname="com.mystore.testcases.IndexPageTest" name="verifyLogo" time="13.507"/>
  <system-out/>
</testsuite> <!-- com.mystore.testcases.IndexPageTest -->
